Arguments: 
  D:\ruanjian\Node\node.exe D:\ruanjian\Node\node_global\node_modules\yarn\bin\yarn.js add -D @renovamen/vuepress-plugin-side-window

PATH: 
  C:\Program Files (x86)\Intel\Intel(R) Management Engine Components\iCLS\;C:\Program Files\Intel\Intel(R) Management Engine Components\iCLS\;C:\Windows\system32;C:\Windows;C:\Windows\System32\Wbem;C:\Windows\System32\WindowsPowerShell\v1.0\;C:\Windows\System32\OpenSSH\;C:\Program Files (x86)\Intel\Intel(R) Management Engine Components\DAL;C:\Program Files\Intel\Intel(R) Management Engine Components\DAL;C:\Program Files (x86)\NVIDIA Corporation\PhysX\Common;C:\Program Files\Intel\WiFi\bin\;C:\Program Files\Common Files\Intel\WirelessCommon\;C:\WINDOWS\system32;C:\WINDOWS;C:\WINDOWS\System32\Wbem;C:\WINDOWS\System32\WindowsPowerShell\v1.0\;C:\WINDOWS\System32\OpenSSH\;D:\软件\ZIP\Bandizip\;D;\ruanjian\Git\cmd;D:\ruanjian\Node\node_global\node_modules;D:\ruanjian\Node;D:\ruanjian\Node\node_global;D:\ruanjian\python;D:\软件\录制;;C:;Program Files\NVIDIA Corporation\NVIDIA NvDLISR;;;D:\ruanjian\Git\c;d;D:\ruanjian\Node\;D:\ruanjian\Git\cmd;D:\软件\微信开发者工具\安装目录\微信web开发者工具\dll;D:\ruanjian\python\Scripts\;D:\ruanjian\python\;C:\Users\99013\AppData\Local\Microsoft\WindowsApps;D:\软件\idea\2022\IntelliJ IDEA 2022.2\bin;D:\软件\pycharm\PyCharm Community Edition 2022.2.1\bin;C:\Users\99013\AppData\Roaming\npm;D:\项目空间\博客\vuepress-lingdu-v2\node_modules\.bin

Yarn version: 
  1.22.19

Node version: 
  18.14.2

Platform: 
  win32 x64

Trace: 
  Error: https://registry.npm.taobao.org/@renovamen%2fvuepress-plugin-side-window: Not found
      at params.callback [as _callback] (D:\ruanjian\Node\node_global\node_modules\yarn\lib\cli.js:66145:18)
      at self.callback (D:\ruanjian\Node\node_global\node_modules\yarn\lib\cli.js:140890:22)
      at Request.emit (node:events:513:28)
      at Request.<anonymous> (D:\ruanjian\Node\node_global\node_modules\yarn\lib\cli.js:141862:10)
      at Request.emit (node:events:513:28)
      at IncomingMessage.<anonymous> (D:\ruanjian\Node\node_global\node_modules\yarn\lib\cli.js:141784:12)
      at Object.onceWrapper (node:events:627:28)
      at IncomingMessage.emit (node:events:525:35)
      at endReadableNT (node:internal/streams/readable:1359:12)
      at process.processTicksAndRejections (node:internal/process/task_queues:82:21)

npm manifest: 
  {
    "name": "vuepress-lingdu-v2",
    "version": "1.0.0",
    "description": "",
    "main": "index.js",
    "scripts": {
      "test": "echo \"Error: no test specified\" && exit 1",
      "docs:dev": "vuepress dev docs",
      "docs:build": "vuepress build docs"
    },
    "keywords": [],
    "author": "",
    "license": "ISC",
    "devDependencies": {
      "@vuepress/bundler-vite": "^2.0.0-beta.62",
      "@vuepress/cli": "2.0.0-beta.62",
      "@vuepress/client": "2.0.0-beta.62",
      "@vuepress/core": "^2.0.0-beta.62",
      "@vuepress/plugin-search": "^2.0.0-beta.62",
      "@vuepress/shared": "^2.0.0-beta.62",
      "@vuepress/theme-default": "^2.0.0-beta.62",
      "@vuepress/utils": "^2.0.0-beta.62",
      "glob": "^7.2.3",
      "vue": "^3.3.2",
      "vuepress": "2.0.0-beta.62",
      "vuepress-plugin-copy-code2": "^2.0.0-beta.62",
      "vuepress-plugin-md-enhance": "2.0.0-beta.215"
    }
  }

yarn manifest: 
  No manifest

Lockfile: 
  No lockfile
